This is pdfTeX, Version 3.141592653-2.6-1.40.28 (MiKTeX 25.12) (preloaded format=pdflatex 2026.3.21)  28 APR 2026 18:42
entering extended mode
 restricted \write18 enabled.
 %&-line parsing enabled.
**./research_paper/paper.tex
(research_paper/paper.tex
LaTeX2e <2025-11-01>
L3 programming layer <2025-12-24>
)
! Emergency stop.
<*> ./research_paper/paper.tex
                              
*** (job aborted, no legal \end found)

 
Here is how much of TeX's memory you used:
 17 strings out of 467870
 419 string characters out of 5419807
 433733 words of memory out of 5000000
 28996 multiletter control sequences out of 15000+600000
 627721 words of font info for 40 fonts, out of 8000000 for 9000
 1141 hyphenation exceptions out of 8191
 12i,0n,13p,58b,8s stack positions out of 10000i,1000n,20000p,200000b,200000s
!  ==> Fatal error occurred, no output PDF file produced!
